<?xml version="1.0" encoding="UTF-8"?>
<!-- Generated by org.testng.reporters.JUnitReportReporter -->
<testsuite skipped="0" hostname="LAPTOP-DJ9EG3L5" name="Demo.cricbuzzapp" tests="1" failures="0" timestamp="2021-01-17T19:09:47 IST" time="12.817" errors="0">
  <testcase name="testcase1" time="12.817" classname="Demo.cricbuzzapp"/>
  <system-out/>
</testsuite> <!-- Demo.cricbuzzapp -->
